c:\code\duilib\menudemo\debug\menudemo.pch
c:\code\duilib\menudemo\debug\vc141.pdb
c:\code\duilib\menudemo\debug\vc141.idb
c:\code\duilib\menudemo\debug\stdafx.sbr
c:\code\duilib\menudemo\debug\stdafx.obj
c:\code\duilib\menudemo\debug\main.sbr
c:\code\duilib\menudemo\debug\uimenu.sbr
c:\code\duilib\menudemo\debug\uicrack.sbr
c:\code\duilib\menudemo\debug\skinsetting.sbr
c:\code\duilib\menudemo\debug\main_frame.sbr
c:\code\duilib\menudemo\debug\debug.sbr
c:\code\duilib\menudemo\debug\debug.obj
c:\code\duilib\menudemo\debug\main_frame.obj
c:\code\duilib\menudemo\debug\skinsetting.obj
c:\code\duilib\menudemo\debug\uicrack.obj
c:\code\duilib\menudemo\debug\uimenu.obj
c:\code\duilib\menudemo\debug\main.obj
c:\code\duilib\menudemo\debug\menudemo.res
c:\code\duilib\menudemo\debug\menudemo.exp
c:\code\duilib\menudemo\debug\menudemo.pdb
c:\code\duilib\menudemo\debug\menudemo.tlog\cl.command.1.tlog
c:\code\duilib\menudemo\debug\menudemo.tlog\cl.read.1.tlog
c:\code\duilib\menudemo\debug\menudemo.tlog\cl.write.13.tlog
c:\code\duilib\menudemo\debug\menudemo.tlog\link-cvtres.read.1.tlog
c:\code\duilib\menudemo\debug\menudemo.tlog\link-cvtres.read.13.tlog
c:\code\duilib\menudemo\debug\menudemo.tlog\link-cvtres.write.13.tlog
c:\code\duilib\menudemo\debug\menudemo.tlog\link-rc.read.1.tlog
c:\code\duilib\menudemo\debug\menudemo.tlog\link-rc.read.13.tlog
c:\code\duilib\menudemo\debug\menudemo.tlog\link-rc.write.13.tlog
c:\code\duilib\menudemo\debug\menudemo.tlog\link.command.1.tlog
c:\code\duilib\menudemo\debug\menudemo.tlog\link.read.1.tlog
c:\code\duilib\menudemo\debug\menudemo.tlog\link.read.13.tlog
c:\code\duilib\menudemo\debug\menudemo.tlog\link.write.13.tlog
c:\code\duilib\menudemo\debug\menudemo.tlog\rc.command.1.tlog
c:\code\duilib\menudemo\debug\menudemo.tlog\rc.read.1.tlog
c:\code\duilib\menudemo\debug\menudemo.tlog\rc.write.13.tlog
