c:\code\duilib\duilib\build\debug\duilib.pch
c:\code\duilib\duilib\x64\debug\vc142.pdb
c:\code\duilib\duilib\x64\debug\stdafx.obj
c:\code\duilib\duilib\x64\debug\uibutton.obj
c:\code\duilib\duilib\x64\debug\uiactivex.obj
c:\code\duilib\duilib\x64\debug\uiverticallayout.obj
c:\code\duilib\duilib\x64\debug\uitilelayout.obj
c:\code\duilib\duilib\x64\debug\uitablayout.obj
c:\code\duilib\duilib\x64\debug\uihorizontallayout.obj
c:\code\duilib\duilib\x64\debug\uichildlayout.obj
c:\code\duilib\duilib\x64\debug\uirender.obj
c:\code\duilib\duilib\x64\debug\uimarkup.obj
c:\code\duilib\duilib\x64\debug\uimanager.obj
c:\code\duilib\duilib\x64\debug\uidlgbuilder.obj
c:\code\duilib\duilib\x64\debug\uicontrol.obj
c:\code\duilib\duilib\x64\debug\uicontainer.obj
c:\code\duilib\duilib\x64\debug\uibase.obj
c:\code\duilib\duilib\x64\debug\wndshadow.obj
c:\code\duilib\duilib\x64\debug\utils.obj
c:\code\duilib\duilib\x64\debug\uidelegate.obj
c:\code\duilib\duilib\x64\debug\winimplbase.obj
c:\code\duilib\duilib\x64\debug\uilib.obj
c:\code\duilib\duilib\x64\debug\uitreeview.obj
c:\code\duilib\duilib\x64\debug\uiwebbrowser.obj
c:\code\duilib\duilib\x64\debug\uitext.obj
c:\code\duilib\duilib\x64\debug\uislider.obj
c:\code\duilib\duilib\x64\debug\uiscrollbar.obj
c:\code\duilib\duilib\x64\debug\uirichedit.obj
c:\code\duilib\duilib\x64\debug\uiprogress.obj
c:\code\duilib\duilib\x64\debug\uioption.obj
c:\code\duilib\duilib\x64\debug\uilist.obj
c:\code\duilib\duilib\x64\debug\uilabel.obj
c:\code\duilib\duilib\x64\debug\uigifanim.obj
c:\code\duilib\duilib\x64\debug\uiedit.obj
c:\code\duilib\duilib\x64\debug\uidatetime.obj
c:\code\duilib\duilib\x64\debug\uicombo.obj
c:\code\duilib\duilib\x64\debug\uicheckbox.obj
c:\code\duilib\duilib\x64\debug\stb_image.obj
c:\code\duilib\duilib\x64\debug\xunzip.obj
c:\code\duilib\lib\duilib_d.lib
c:\code\duilib\lib\duilib_d.exp
c:\code\duilib\bin\duilib_d.dll
c:\code\duilib\x64\debug\duilib.pdb
c:\code\duilib\duilib\x64\debug\duilib.tlog\cl.command.1.tlog
c:\code\duilib\duilib\x64\debug\duilib.tlog\cl.read.1.tlog
c:\code\duilib\duilib\x64\debug\duilib.tlog\cl.write.1.tlog
c:\code\duilib\duilib\x64\debug\duilib.tlog\duilib.write.1u.tlog
c:\code\duilib\duilib\x64\debug\duilib.tlog\link.command.1.tlog
c:\code\duilib\duilib\x64\debug\duilib.tlog\link.delete.1.tlog
c:\code\duilib\duilib\x64\debug\duilib.tlog\link.read.1.tlog
c:\code\duilib\duilib\x64\debug\duilib.tlog\link.write.1.tlog
